Build started 6/1/2019 6:49:51 PM.
     1>Project "c:\Users\yuzhao4.uofi\documents\visual studio 2010\Projects\svm\svm\svm.vcxproj" on node 2 (build target(s)).
     1>InitializeBuildStatus:
         Touching "Debug\svm.unsuccessfulbuild".
       ClCompile:
         c:\Program Files (x86)\Microsoft Visual Studio 10.0\VC\bin\CL.exe /c /IC:\OpenCV\opencv\build\include /IC:\OpenCV\opencv\build\include\opencv /IC:\OpenCV\opencv\build\include\opencv2 /ZI /nologo /W3 /WX- /Od /Oy- /D WIN32 /D _DEBUG /D _CONSOLE /D _UNICODE /D UNICODE /Gm /EHsc /RTC1 /MDd /GS /fp:precise /Zc:wchar_t /Zc:forScope /Fo"Debug\\" /Fd"Debug\vc100.pdb" /Gd /TP /analyze- /errorReport:prompt svm.cpp
         svm.cpp
     1>c:\users\yuzhao4.uofi\documents\visual studio 2010\projects\svm\svm\svm.cpp(1): fatal error C1083: Cannot open include file: 'opencv2/core.hpp': No such file or directory
     1>Done Building Project "c:\Users\yuzhao4.uofi\documents\visual studio 2010\Projects\svm\svm\svm.vcxproj" (build target(s)) -- FAILED.

Build FAILED.

Time Elapsed 00:00:00.47
